[0106/233655.743:ERROR:directory_reader_win.cc(43)] FindFirstFile: The system cannot find the path specified. (0x3)
[0109/230217.537:ERROR:directory_reader_win.cc(43)] FindFirstFile: The system cannot find the path specified. (0x3)
[0111/213024.035:ERROR:directory_reader_win.cc(43)] FindFirstFile: The system cannot find the path specified. (0x3)
[0114/181011.927:ERROR:directory_reader_win.cc(43)] FindFirstFile: The system cannot find the path specified. (0x3)
[0114/181011.940:ERROR:filesystem_win.cc(129)] GetFileAttributes C:\Users\eldor\AppData\Local\Google\Chrome\User Data\Crashpad\attachments\af5fc02c-9d15-4b0c-864e-93b77b317955: The system cannot find the path specified. (0x3)
[0114/181011.943:ERROR:filesystem_win.cc(129)] GetFileAttributes C:\Users\eldor\AppData\Local\Google\Chrome\User Data\Crashpad\attachments\81c7db53-947f-45d7-84dd-d493d9d8cbdf: The system cannot find the path specified. (0x3)
[0114/181011.946:ERROR:filesystem_win.cc(129)] GetFileAttributes C:\Users\eldor\AppData\Local\Google\Chrome\User Data\Crashpad\attachments\e971cbab-45cf-4aad-a458-e8f3a7329428: The system cannot find the path specified. (0x3)
[0114/181011.948:ERROR:filesystem_win.cc(129)] GetFileAttributes C:\Users\eldor\AppData\Local\Google\Chrome\User Data\Crashpad\attachments\10764ecf-e31e-4206-8701-b921ba85170a: The system cannot find the path specified. (0x3)
[0114/181011.950:ERROR:filesystem_win.cc(129)] GetFileAttributes C:\Users\eldor\AppData\Local\Google\Chrome\User Data\Crashpad\attachments\65fb41e2-581d-4833-a1d5-9dbcb32d108d: The system cannot find the path specified. (0x3)
[0114/181011.953:ERROR:filesystem_win.cc(129)] GetFileAttributes C:\Users\eldor\AppData\Local\Google\Chrome\User Data\Crashpad\attachments\3bda4663-65ab-4cf5-8da7-f069eddb35d1: The system cannot find the path specified. (0x3)
[0114/181011.954:ERROR:filesystem_win.cc(129)] GetFileAttributes C:\Users\eldor\AppData\Local\Google\Chrome\User Data\Crashpad\attachments\16098ab8-feae-43da-b1d0-fcb121f0f454: The system cannot find the path specified. (0x3)
[0114/181011.955:ERROR:filesystem_win.cc(129)] GetFileAttributes C:\Users\eldor\AppData\Local\Google\Chrome\User Data\Crashpad\attachments\ce33e956-d2b3-4cfe-aa7c-a6e224c136e4: The system cannot find the path specified. (0x3)
[0114/181011.958:ERROR:filesystem_win.cc(129)] GetFileAttributes C:\Users\eldor\AppData\Local\Google\Chrome\User Data\Crashpad\attachments\fc3670ba-ea0f-4ef7-85c4-93f3a6ccfb82: The system cannot find the path specified. (0x3)
[0114/181011.960:ERROR:filesystem_win.cc(129)] GetFileAttributes C:\Users\eldor\AppData\Local\Google\Chrome\User Data\Crashpad\attachments\8ad73968-136a-4790-abf2-ebbbd1c79193: The system cannot find the path specified. (0x3)
[0114/181011.961:ERROR:filesystem_win.cc(129)] GetFileAttributes C:\Users\eldor\AppData\Local\Google\Chrome\User Data\Crashpad\attachments\0140d051-ef11-47c7-96cc-c2288e54e376: The system cannot find the path specified. (0x3)
[0114/181011.963:ERROR:filesystem_win.cc(129)] GetFileAttributes C:\Users\eldor\AppData\Local\Google\Chrome\User Data\Crashpad\attachments\b804d792-185f-426e-a197-dac7822bb0f7: The system cannot find the path specified. (0x3)
[0114/181011.965:ERROR:filesystem_win.cc(129)] GetFileAttributes C:\Users\eldor\AppData\Local\Google\Chrome\User Data\Crashpad\attachments\ca6ed207-5ce0-453b-83ab-9a8b44f10a35: The system cannot find the path specified. (0x3)
[0114/181011.966:ERROR:filesystem_win.cc(129)] GetFileAttributes C:\Users\eldor\AppData\Local\Google\Chrome\User Data\Crashpad\attachments\ed6e4612-bbbd-4599-a3c7-01655349ad61: The system cannot find the path specified. (0x3)
[0114/181011.967:ERROR:filesystem_win.cc(129)] GetFileAttributes C:\Users\eldor\AppData\Local\Google\Chrome\User Data\Crashpad\attachments\d1eda0b8-215d-448e-a52b-185ff2acd7bf: The system cannot find the path specified. (0x3)
[0114/181011.969:ERROR:filesystem_win.cc(129)] GetFileAttributes C:\Users\eldor\AppData\Local\Google\Chrome\User Data\Crashpad\attachments\8dccd2fd-5917-46f1-9994-3f9a3042125f: The system cannot find the path specified. (0x3)
[0114/181011.971:ERROR:filesystem_win.cc(129)] GetFileAttributes C:\Users\eldor\AppData\Local\Google\Chrome\User Data\Crashpad\attachments\e9d84e56-0672-40d3-be24-f98de2b711cc: The system cannot find the path specified. (0x3)
[0114/181011.972:ERROR:filesystem_win.cc(129)] GetFileAttributes C:\Users\eldor\AppData\Local\Google\Chrome\User Data\Crashpad\attachments\48227c02-bd5a-4eb5-9427-a6d7629c7742: The system cannot find the path specified. (0x3)
[0114/181011.974:ERROR:filesystem_win.cc(129)] GetFileAttributes C:\Users\eldor\AppData\Local\Google\Chrome\User Data\Crashpad\attachments\cc711d7e-6291-458d-b493-5aa6e16aec70: The system cannot find the path specified. (0x3)
[0114/181011.977:ERROR:filesystem_win.cc(129)] GetFileAttributes C:\Users\eldor\AppData\Local\Google\Chrome\User Data\Crashpad\attachments\c1964194-05fe-4038-b172-5d98d143fe3e: The system cannot find the path specified. (0x3)
[0114/181011.979:ERROR:filesystem_win.cc(129)] GetFileAttributes C:\Users\eldor\AppData\Local\Google\Chrome\User Data\Crashpad\attachments\a32ed2f5-307f-49d2-a26f-3551750bb75e: The system cannot find the path specified. (0x3)
[0114/181011.983:ERROR:filesystem_win.cc(129)] GetFileAttributes C:\Users\eldor\AppData\Local\Google\Chrome\User Data\Crashpad\attachments\018b37e9-feea-4576-9df2-fc260e4d9c8d: The system cannot find the path specified. (0x3)
[0114/181011.987:ERROR:filesystem_win.cc(129)] GetFileAttributes C:\Users\eldor\AppData\Local\Google\Chrome\User Data\Crashpad\attachments\ea86b495-16bb-4910-a224-f6cff674bef9: The system cannot find the path specified. (0x3)
[0114/181011.990:ERROR:filesystem_win.cc(129)] GetFileAttributes C:\Users\eldor\AppData\Local\Google\Chrome\User Data\Crashpad\attachments\9d47db5b-cb50-44eb-80d8-62bb0e850c07: The system cannot find the path specified. (0x3)
[0114/181011.991:ERROR:filesystem_win.cc(129)] GetFileAttributes C:\Users\eldor\AppData\Local\Google\Chrome\User Data\Crashpad\attachments\dd17386c-6689-45f9-9a66-07669ed4af64: The system cannot find the path specified. (0x3)
[0114/181011.994:ERROR:filesystem_win.cc(129)] GetFileAttributes C:\Users\eldor\AppData\Local\Google\Chrome\User Data\Crashpad\attachments\ecacb286-c688-4833-8a80-36a138aa0805: The system cannot find the path specified. (0x3)
[0114/181011.995:ERROR:filesystem_win.cc(129)] GetFileAttributes C:\Users\eldor\AppData\Local\Google\Chrome\User Data\Crashpad\attachments\7634cfd9-5c01-42f2-b86d-4f544def4e27: The system cannot find the path specified. (0x3)
[0114/181011.996:ERROR:filesystem_win.cc(129)] GetFileAttributes C:\Users\eldor\AppData\Local\Google\Chrome\User Data\Crashpad\attachments\9d9f1578-7387-4b4d-ba87-da84da8971e1: The system cannot find the path specified. (0x3)
[0114/181011.998:ERROR:filesystem_win.cc(129)] GetFileAttributes C:\Users\eldor\AppData\Local\Google\Chrome\User Data\Crashpad\attachments\51cd41b1-fdf7-4a55-a5e6-72def152bae7: The system cannot find the path specified. (0x3)
[0114/181012.000:ERROR:filesystem_win.cc(129)] GetFileAttributes C:\Users\eldor\AppData\Local\Google\Chrome\User Data\Crashpad\attachments\8bd384cb-11d1-4477-a2c5-daae462f2792: The system cannot find the path specified. (0x3)
[0114/181012.002:ERROR:filesystem_win.cc(129)] GetFileAttributes C:\Users\eldor\AppData\Local\Google\Chrome\User Data\Crashpad\attachments\375a257a-65a0-4eb5-ada6-407af5c5fea6: The system cannot find the path specified. (0x3)
[0114/181012.003:ERROR:filesystem_win.cc(129)] GetFileAttributes C:\Users\eldor\AppData\Local\Google\Chrome\User Data\Crashpad\attachments\781b9d6b-3ac9-429d-bd67-10d8661cf023: The system cannot find the path specified. (0x3)
[0114/181012.004:ERROR:filesystem_win.cc(129)] GetFileAttributes C:\Users\eldor\AppData\Local\Google\Chrome\User Data\Crashpad\attachments\415b7b65-147d-4211-907f-fc7c9bfba88d: The system cannot find the path specified. (0x3)
[0114/181012.005:ERROR:filesystem_win.cc(129)] GetFileAttributes C:\Users\eldor\AppData\Local\Google\Chrome\User Data\Crashpad\attachments\bac3038e-1069-4845-8e17-5de1fb52a9a9: The system cannot find the path specified. (0x3)
[0114/181012.007:ERROR:filesystem_win.cc(129)] GetFileAttributes C:\Users\eldor\AppData\Local\Google\Chrome\User Data\Crashpad\attachments\d96b62a8-686d-4f2a-9270-aaf8badb1df7: The system cannot find the path specified. (0x3)
[0114/181012.008:ERROR:filesystem_win.cc(129)] GetFileAttributes C:\Users\eldor\AppData\Local\Google\Chrome\User Data\Crashpad\attachments\40853ec2-9e62-41d0-b3b4-3f32017a348a: The system cannot find the path specified. (0x3)
